<?xml version="1.0" encoding="UTF-8"?>
<!-- Generated by org.testng.reporters.JUnitReportReporter -->
<testsuite hostname="yogindra-VAIO" name="testng.test_1" tests="2" failures="0" timestamp="14 Jun 2016 22:23:59 GMT" time="0.038" errors="0">
  <testcase name="Testformfill" time="0.012" classname="testng.test_1"/>
  <testcase name="TestLogin" time="0.026" classname="testng.test_1"/>
</testsuite> <!-- testng.test_1 -->
