<?xml version="1.0" encoding="UTF-8"?>
<!-- Generated by org.testng.reporters.JUnitReportReporter -->
<testsuite hostname="yogindra-VAIO" name="testng.test_2" tests="1" failures="0" timestamp="14 Jun 2016 22:28:46 GMT" time="0.050" errors="0">
  <testcase name="capturescreen" time="0.050" classname="testng.test_2"/>
</testsuite> <!-- testng.test_2 -->
